<?xml version="1.0" encoding="UTF-8"?>
<testng-results ignored="0" total="1" passed="1" failed="0" skipped="0">
  <reporter-output>
  </reporter-output>
  <suite started-at="2024-12-05T17:59:57 IST" name="Default suite" finished-at="2024-12-05T18:00:06 IST" duration-ms="9234">
    <groups>
      <group name="cucumber">
        <method signature="AbstractTestNGCucumberTests.runScenario(io.cucumber.testng.PickleWrapper,io.cucumber.testng.FeatureWrapper)[pri:0, instance:cucumber.Options.RunnerFile@79079097]" name="runScenario" class="io.cucumber.testng.AbstractTestNGCucumberTests"/>
      </group> <!-- cucumber -->
    </groups>
    <test started-at="2024-12-05T17:59:57 IST" name="Default test" finished-at="2024-12-05T18:00:06 IST" duration-ms="9234">
      <class name="cucumber.Options.RunnerFile">
        <test-method is-config="true" signature="setUpClass(org.testng.ITestContext)[pri:0, instance:cucumber.Options.RunnerFile@79079097]" started-at="2024-12-05T17:59:57 IST" name="setUpClass" finished-at="2024-12-05T17:59:57 IST" duration-ms="724" status="PASS">
          <params>
            <param index="0">
              <value>
                <![CDATA[org.testng.TestRunner@63cf578f]]>
              </value>
            </param>
          </params>
          <reporter-output>
          </reporter-output>
        </test-method> <!-- setUpClass -->
        <test-method signature="runScenario(io.cucumber.testng.PickleWrapper,io.cucumber.testng.FeatureWrapper)[pri:0, instance:cucumber.Options.RunnerFile@79079097]" started-at="2024-12-05T17:59:57 IST" name="runScenario" description="Runs Cucumber Scenarios" data-provider="scenarios" finished-at="2024-12-05T18:00:06 IST" duration-ms="8389" status="PASS">
          <params>
            <param index="0">
              <value>
                <![CDATA["Verify if delete place functionality is working"]]>
              </value>
            </param>
            <param index="1">
              <value>
                <![CDATA["Validating place APIs"]]>
              </value>
            </param>
          </params>
          <reporter-output>
          </reporter-output>
        </test-method> <!-- runScenario -->
        <test-method is-config="true" signature="tearDownClass()[pri:0, instance:cucumber.Options.RunnerFile@79079097]" started-at="2024-12-05T18:00:06 IST" name="tearDownClass" finished-at="2024-12-05T18:00:06 IST" duration-ms="64" status="PASS">
          <reporter-output>
          </reporter-output>
        </test-method> <!-- tearDownClass -->
      </class> <!-- cucumber.Options.RunnerFile -->
    </test> <!-- Default test -->
  </suite> <!-- Default suite -->
</testng-results>
